<?xml version="1.0" encoding="UTF-8"?>
<!-- Generated by org.testng.reporters.JUnitXMLReporter -->
<testsuite hostname="DESKTOP-PPO8L1H" ignored="0" name="Default test" tests="3" failures="0" timestamp="2019-10-23T17:44:39 IST" time="102.485" errors="0">
  <testcase name="openApplication" time="67.262" classname="testcases.ExpediaAutomation"/>
  <testcase name="doEnquiry" time="5.577" classname="testcases.ExpediaAutomation"/>
  <testcase name="selectDate" time="19.574" classname="testcases.ExpediaAutomation"/>
</testsuite> <!-- Default test -->
